21:32:52 INFO  : Registering command handlers for SDK TCF services
21:32:56 INFO  : Adding '/proj/petalinux/petalinux-v2017.2_0619_1/petalinux-v2017.2-final/tools/hsm/data/embeddedsw' as a new local repository.
21:33:03 INFO  : Result from executing command 'getProjects': 
21:33:03 INFO  : Result from executing command 'getProjects': 
21:33:03 INFO  : Result from executing command 'getProjects': 
21:33:30 INFO  : Result from executing command 'getDefinitions': {assembler-flags={description=Miscellaneous flags for assembler , props=add set}, build-config={values=Debug,Release, description=Get/set build configuration, props=set}, library-search-path={description=Search path for the libraries added, props=add remove}, compiler-misc={description=Compiler miscellaneous flags, props=add set}, define-compiler-symbols={description=Define symbols. Ex. MYSYMBOL, props=add remove}, compiler-optimization={values=None (-O0), Optimize (-O1), Optimize more (-O2), Optimize most (-O3), Optimize for size (-Os), description=Optimization level, props=set}, libraries={description=Libraries to be added while linking, props=add remove}, undef-compiler-symbols={description=Undefine symbols. Ex. MYSYMBOL, props=add remove}, linker-misc={description=Linker miscellaneous flags, props=add set}, include-path={description=Include path for header files, props=add remove}, linker-script={description=Linker script for linking the program sections, props=set}}
21:33:30 INFO  : Result from executing command 'getProjects': pmu-firmware;pmu-firmware_bsp;pmu-firmware_hwproj
21:33:30 INFO  : Result from executing command 'set': null
21:33:30 INFO  : Result from executing command 'getProjects': pmu-firmware;pmu-firmware_bsp;pmu-firmware_hwproj
21:33:30 INFO  : Result from executing command 'getProjects': pmu-firmware;pmu-firmware_bsp;pmu-firmware_hwproj
21:33:30 INFO  : Result from executing command 'getProjects': pmu-firmware;pmu-firmware_bsp;pmu-firmware_hwproj
21:33:30 INFO  : Result from executing command 'getProjects': pmu-firmware;pmu-firmware_bsp;pmu-firmware_hwproj
21:33:30 INFO  : Result from executing command 'getProjects': pmu-firmware;pmu-firmware_bsp;pmu-firmware_hwproj
21:33:31 INFO  : Result from executing command 'getProjects': pmu-firmware;pmu-firmware_bsp;pmu-firmware_hwproj
21:33:31 INFO  : Result from executing command 'getProjects': pmu-firmware;pmu-firmware_bsp;pmu-firmware_hwproj
21:33:31 INFO  : Result from executing command 'getProjects': pmu-firmware;pmu-firmware_bsp;pmu-firmware_hwproj
21:33:31 INFO  : Result from executing command 'getProjects': pmu-firmware;pmu-firmware_bsp;pmu-firmware_hwproj
21:33:31 INFO  : Result from executing command 'getProjects': pmu-firmware;pmu-firmware_bsp;pmu-firmware_hwproj
21:33:31 INFO  : Result from executing command 'getProjects': pmu-firmware;pmu-firmware_bsp;pmu-firmware_hwproj
21:33:31 INFO  : Result from executing command 'getProjects': pmu-firmware;pmu-firmware_bsp;pmu-firmware_hwproj
21:33:31 INFO  : Result from executing command 'getProjects': pmu-firmware;pmu-firmware_bsp;pmu-firmware_hwproj
21:33:33 INFO  : Result from executing command 'getProjects': pmu-firmware;pmu-firmware_bsp;pmu-firmware_hwproj
21:33:33 INFO  : Result from executing command 'getProjects': pmu-firmware;pmu-firmware_bsp;pmu-firmware_hwproj
21:33:33 INFO  : Result from executing command 'getProjects': pmu-firmware;pmu-firmware_bsp;pmu-firmware_hwproj
21:33:33 INFO  : Result from executing command 'getProjects': pmu-firmware;pmu-firmware_bsp;pmu-firmware_hwproj
21:33:33 INFO  : Result from executing command 'getProjects': pmu-firmware;pmu-firmware_bsp;pmu-firmware_hwproj
21:33:33 INFO  : Result from executing command 'getProjects': pmu-firmware;pmu-firmware_bsp;pmu-firmware_hwproj
21:33:33 INFO  : Result from executing command 'getProjects': pmu-firmware;pmu-firmware_bsp;pmu-firmware_hwproj
21:33:33 INFO  : Result from executing command 'getProjects': pmu-firmware;pmu-firmware_bsp;pmu-firmware_hwproj
21:33:43 INFO  : Registering command handlers for SDK TCF services
21:33:45 INFO  : Restoring local repository preferences: 
		 /proj/petalinux/petalinux-v2017.2_0619_1/petalinux-v2017.2-final/tools/hsm/data/embeddedsw
21:33:51 INFO  : Result from executing command 'getProjects': pmu-firmware_hwproj
21:33:51 INFO  : Result from executing command 'getProjects': pmu-firmware_bsp
21:33:51 INFO  : Result from executing command 'getProjects': pmu-firmware
21:34:19 INFO  : Result from executing command 'getDefinitions': {assembler-flags={description=Miscellaneous flags for assembler , props=add set}, build-config={values=Debug,Release, description=Get/set build configuration, props=set}, library-search-path={description=Search path for the libraries added, props=add remove}, compiler-misc={description=Compiler miscellaneous flags, props=add set}, define-compiler-symbols={description=Define symbols. Ex. MYSYMBOL, props=add remove}, compiler-optimization={values=None (-O0), Optimize (-O1), Optimize more (-O2), Optimize most (-O3), Optimize for size (-Os), description=Optimization level, props=set}, libraries={description=Libraries to be added while linking, props=add remove}, undef-compiler-symbols={description=Undefine symbols. Ex. MYSYMBOL, props=add remove}, linker-misc={description=Linker miscellaneous flags, props=add set}, include-path={description=Include path for header files, props=add remove}, linker-script={description=Linker script for linking the program sections, props=set}}
21:34:19 INFO  : Result from executing command 'getProjects': fsbl;fsbl_bsp;fsbl_hwproj;pmu-firmware;pmu-firmware_bsp;pmu-firmware_hwproj
21:34:19 INFO  : Result from executing command 'set': null
21:34:19 INFO  : Result from executing command 'getDefinitions': {assembler-flags={description=Miscellaneous flags for assembler , props=add set}, build-config={values=Debug,Release, description=Get/set build configuration, props=set}, library-search-path={description=Search path for the libraries added, props=add remove}, compiler-misc={description=Compiler miscellaneous flags, props=add set}, define-compiler-symbols={description=Define symbols. Ex. MYSYMBOL, props=add remove}, compiler-optimization={values=None (-O0), Optimize (-O1), Optimize more (-O2), Optimize most (-O3), Optimize for size (-Os), description=Optimization level, props=set}, libraries={description=Libraries to be added while linking, props=add remove}, undef-compiler-symbols={description=Undefine symbols. Ex. MYSYMBOL, props=add remove}, linker-misc={description=Linker miscellaneous flags, props=add set}, include-path={description=Include path for header files, props=add remove}, linker-script={description=Linker script for linking the program sections, props=set}}
21:34:19 INFO  : Result from executing command 'getProjects': fsbl;fsbl_bsp;fsbl_hwproj;pmu-firmware;pmu-firmware_bsp;pmu-firmware_hwproj
21:34:19 INFO  : Result from executing command 'add': null
21:34:19 INFO  : Result from executing command 'getProjects': fsbl;fsbl_bsp;fsbl_hwproj;pmu-firmware;pmu-firmware_bsp;pmu-firmware_hwproj
21:34:19 INFO  : Result from executing command 'getProjects': fsbl;fsbl_bsp;fsbl_hwproj;pmu-firmware;pmu-firmware_bsp;pmu-firmware_hwproj
21:34:19 INFO  : Result from executing command 'getProjects': fsbl;fsbl_bsp;fsbl_hwproj;pmu-firmware;pmu-firmware_bsp;pmu-firmware_hwproj
21:34:19 INFO  : Result from executing command 'getProjects': fsbl;fsbl_bsp;fsbl_hwproj;pmu-firmware;pmu-firmware_bsp;pmu-firmware_hwproj
21:34:19 INFO  : Result from executing command 'getProjects': fsbl;fsbl_bsp;fsbl_hwproj;pmu-firmware;pmu-firmware_bsp;pmu-firmware_hwproj
21:34:20 INFO  : Result from executing command 'getProjects': fsbl;fsbl_bsp;fsbl_hwproj;pmu-firmware;pmu-firmware_bsp;pmu-firmware_hwproj
21:34:20 INFO  : Result from executing command 'getProjects': fsbl;fsbl_bsp;fsbl_hwproj;pmu-firmware;pmu-firmware_bsp;pmu-firmware_hwproj
21:34:20 INFO  : Result from executing command 'getProjects': fsbl;fsbl_bsp;fsbl_hwproj;pmu-firmware;pmu-firmware_bsp;pmu-firmware_hwproj
21:34:20 INFO  : Result from executing command 'getProjects': fsbl;fsbl_bsp;fsbl_hwproj;pmu-firmware;pmu-firmware_bsp;pmu-firmware_hwproj
21:34:20 INFO  : Result from executing command 'getProjects': fsbl;fsbl_bsp;fsbl_hwproj;pmu-firmware;pmu-firmware_bsp;pmu-firmware_hwproj
21:34:20 INFO  : Result from executing command 'getProjects': fsbl;fsbl_bsp;fsbl_hwproj;pmu-firmware;pmu-firmware_bsp;pmu-firmware_hwproj
21:34:20 INFO  : Result from executing command 'getProjects': fsbl;fsbl_bsp;fsbl_hwproj;pmu-firmware;pmu-firmware_bsp;pmu-firmware_hwproj
21:34:20 INFO  : Result from executing command 'getProjects': fsbl;fsbl_bsp;fsbl_hwproj;pmu-firmware;pmu-firmware_bsp;pmu-firmware_hwproj
21:34:24 INFO  : Result from executing command 'getProjects': fsbl;fsbl_bsp;fsbl_hwproj;pmu-firmware;pmu-firmware_bsp;pmu-firmware_hwproj
21:34:24 INFO  : Result from executing command 'getProjects': fsbl;fsbl_bsp;fsbl_hwproj;pmu-firmware;pmu-firmware_bsp;pmu-firmware_hwproj
21:34:24 INFO  : Result from executing command 'getProjects': fsbl;fsbl_bsp;fsbl_hwproj;pmu-firmware;pmu-firmware_bsp;pmu-firmware_hwproj
21:34:24 INFO  : Result from executing command 'getProjects': fsbl;fsbl_bsp;fsbl_hwproj;pmu-firmware;pmu-firmware_bsp;pmu-firmware_hwproj
21:34:24 INFO  : Result from executing command 'getProjects': fsbl;fsbl_bsp;fsbl_hwproj;pmu-firmware;pmu-firmware_bsp;pmu-firmware_hwproj
21:34:24 INFO  : Result from executing command 'getProjects': fsbl;fsbl_bsp;fsbl_hwproj;pmu-firmware;pmu-firmware_bsp;pmu-firmware_hwproj
21:34:24 INFO  : Result from executing command 'getProjects': fsbl;fsbl_bsp;fsbl_hwproj;pmu-firmware;pmu-firmware_bsp;pmu-firmware_hwproj
21:34:24 INFO  : Result from executing command 'getProjects': fsbl;fsbl_bsp;fsbl_hwproj;pmu-firmware;pmu-firmware_bsp;pmu-firmware_hwproj
21:34:37 INFO  : Registering command handlers for SDK TCF services
21:35:07 INFO  : Registering command handlers for SDK TCF services
21:36:58 INFO  : Registering command handlers for SDK TCF services
21:39:44 INFO  : Registering command handlers for SDK TCF services
